<?xml version="1.0" encoding="UTF-8"?>
<testsuite xmlns:xsi="http://www.w3.org/2001/XMLSchema-instance" xsi:noNamespaceSchemaLocation="https://maven.apache.org/surefire/maven-surefire-plugin/xsd/surefire-test-report-3.0.xsd" version="3.0" name="com.infy.test.CandidateServiceTest" time="0.007" tests="0" errors="0" skipped="0" failures="0">
  <properties>
    <property name="java.specification.version" value="17"/>
    <property name="sun.cpu.isalist" value="amd64"/>
    <property name="sun.jnu.encoding" value="Cp1252"/>
    <property name="java.class.path" value="C:\Users\Tariq Naseem\Desktop\Java Lex Projects\Project1_Infy Academy\Infy_Academy\target\test-classes;C:\Users\Tariq Naseem\Desktop\Java Lex Projects\Project1_Infy Academy\Infy_Academy\target\classes;C:\Users\Tariq Naseem\.m2\repositoryjava17\org\apache\logging\log4j\log4j-api\2.17.1\log4j-api-2.17.1.jar;C:\Users\Tariq Naseem\.m2\repositoryjava17\org\apache\logging\log4j\log4j-core\2.17.1\log4j-core-2.17.1.jar;C:\Users\Tariq Naseem\.m2\repositoryjava17\org\apache\logging\log4j\log4j-jcl\2.17.1\log4j-jcl-2.17.1.jar;C:\Users\Tariq Naseem\.m2\repositoryjava17\org\apache\commons\commons-collections4\4.4\commons-collections4-4.4.jar;C:\Users\Tariq Naseem\.m2\repositoryjava17\org\apache\commons\commons-configuration2\2.7\commons-configuration2-2.7.jar;C:\Users\Tariq Naseem\.m2\repositoryjava17\org\apache\commons\commons-lang3\3.10\commons-lang3-3.10.jar;C:\Users\Tariq Naseem\.m2\repositoryjava17\org\apache\commons\commons-text\1.8\commons-text-1.8.jar;C:\Users\Tariq Naseem\.m2\repositoryjava17\commons-beanutils\commons-beanutils\1.9.4\commons-beanutils-1.9.4.jar;C:\Users\Tariq Naseem\.m2\repositoryjava17\commons-collections\commons-collections\3.2.2\commons-collections-3.2.2.jar;C:\Users\Tariq Naseem\.m2\repositoryjava17\commons-logging\commons-logging\1.2\commons-logging-1.2.jar;"/>
    <property name="java.vm.vendor" value="Oracle Corporation"/>
    <property name="sun.arch.data.model" value="64"/>
    <property name="user.variant" value=""/>
    <property name="java.vendor.url" value="https://java.oracle.com/"/>
    <property name="user.timezone" value="Asia/Calcutta"/>
    <property name="os.name" value="Windows 10"/>
    <property name="java.vm.specification.version" value="17"/>
    <property name="sun.java.launcher" value="SUN_STANDARD"/>
    <property name="user.country" value="IN"/>
    <property name="sun.boot.library.path" value="C:\Program Files\Java\jdk-17.0.1\bin"/>
    <property name="sun.java.command" value="C:\Users\Tariq Naseem\AppData\Local\Temp\surefire16628978605231350915\surefirebooter-20240119190423284_3.jar C:\Users\Tariq Naseem\AppData\Local\Temp\surefire16628978605231350915 2024-01-19T19-04-15_122-jvmRun1 surefire-20240119190423284_1tmp surefire_0-20240119190423284_2tmp"/>
    <property name="jdk.debug" value="release"/>
    <property name="surefire.test.class.path" value="C:\Users\Tariq Naseem\Desktop\Java Lex Projects\Project1_Infy Academy\Infy_Academy\target\test-classes;C:\Users\Tariq Naseem\Desktop\Java Lex Projects\Project1_Infy Academy\Infy_Academy\target\classes;C:\Users\Tariq Naseem\.m2\repositoryjava17\org\apache\logging\log4j\log4j-api\2.17.1\log4j-api-2.17.1.jar;C:\Users\Tariq Naseem\.m2\repositoryjava17\org\apache\logging\log4j\log4j-core\2.17.1\log4j-core-2.17.1.jar;C:\Users\Tariq Naseem\.m2\repositoryjava17\org\apache\logging\log4j\log4j-jcl\2.17.1\log4j-jcl-2.17.1.jar;C:\Users\Tariq Naseem\.m2\repositoryjava17\org\apache\commons\commons-collections4\4.4\commons-collections4-4.4.jar;C:\Users\Tariq Naseem\.m2\repositoryjava17\org\apache\commons\commons-configuration2\2.7\commons-configuration2-2.7.jar;C:\Users\Tariq Naseem\.m2\repositoryjava17\org\apache\commons\commons-lang3\3.10\commons-lang3-3.10.jar;C:\Users\Tariq Naseem\.m2\repositoryjava17\org\apache\commons\commons-text\1.8\commons-text-1.8.jar;C:\Users\Tariq Naseem\.m2\repositoryjava17\commons-beanutils\commons-beanutils\1.9.4\commons-beanutils-1.9.4.jar;C:\Users\Tariq Naseem\.m2\repositoryjava17\commons-collections\commons-collections\3.2.2\commons-collections-3.2.2.jar;C:\Users\Tariq Naseem\.m2\repositoryjava17\commons-logging\commons-logging\1.2\commons-logging-1.2.jar;"/>
    <property name="sun.cpu.endian" value="little"/>
    <property name="user.home" value="C:\Users\Tariq Naseem"/>
    <property name="user.language" value="en"/>
    <property name="java.specification.vendor" value="Oracle Corporation"/>
    <property name="java.version.date" value="2021-10-19"/>
    <property name="java.home" value="C:\Program Files\Java\jdk-17.0.1"/>
    <property name="file.separator" value="\"/>
    <property name="style.color" value="always"/>
    <property name="basedir" value="C:\Users\Tariq Naseem\Desktop\Java Lex Projects\Project1_Infy Academy\Infy_Academy"/>
    <property name="java.vm.compressedOopsMode" value="Zero based"/>
    <property name="line.separator" value="&#10;"/>
    <property name="java.vm.specification.vendor" value="Oracle Corporation"/>
    <property name="java.specification.name" value="Java Platform API Specification"/>
    <property name="surefire.real.class.path" value="C:\Users\Tariq Naseem\AppData\Local\Temp\surefire16628978605231350915\surefirebooter-20240119190423284_3.jar"/>
    <property name="user.script" value=""/>
    <property name="sun.management.compiler" value="HotSpot 64-Bit Tiered Compilers"/>
    <property name="java.runtime.version" value="17.0.1+12-LTS-39"/>
    <property name="user.name" value="Tariq Naseem"/>
    <property name="path.separator" value=";"/>
    <property name="os.version" value="10.0"/>
    <property name="java.runtime.name" value="Java(TM) SE Runtime Environment"/>
    <property name="file.encoding" value="Cp1252"/>
    <property name="java.vm.name" value="Java HotSpot(TM) 64-Bit Server VM"/>
    <property name="localRepository" value="C:\Users\Tariq Naseem\.m2\repositoryjava17"/>
    <property name="java.vendor.url.bug" value="https://bugreport.java.com/bugreport/"/>
    <property name="java.io.tmpdir" value="C:\Users\TARIQN~1\AppData\Local\Temp\"/>
    <property name="java.version" value="17.0.1"/>
    <property name="user.dir" value="C:\Users\Tariq Naseem\Desktop\Java Lex Projects\Project1_Infy Academy\Infy_Academy"/>
    <property name="os.arch" value="amd64"/>
    <property name="java.vm.specification.name" value="Java Virtual Machine Specification"/>
    <property name="sun.os.patch.level" value=""/>
    <property name="native.encoding" value="Cp1252"/>
    <property name="java.library.path" value="C:\Program Files\Java\jdk-17.0.1\bin;C:\WINDOWS\Sun\Java\bin;C:\WINDOWS\system32;C:\WINDOWS;C:/Users/Tariq Naseem/eclipse//plugins/org.eclipse.justj.openjdk.hotspot.jre.full.win32.x86_64_17.0.9.v20231028-0858/jre/bin/server;C:/Users/Tariq Naseem/eclipse//plugins/org.eclipse.justj.openjdk.hotspot.jre.full.win32.x86_64_17.0.9.v20231028-0858/jre/bin;C:\Program Files\Common Files\Oracle\Java\javapath;C:\Program Files\Python310\Scripts\;C:\Program Files\Python310\;C:\Windows\system32;C:\Windows;C:\Windows\System32\Wbem;C:\Windows\System32\WindowsPowerShell\v1.0\;C:\Windows\System32\OpenSSH\;C:\Program Files (x86)\NVIDIA Corporation\PhysX\Common;C:\Program Files\NVIDIA Corporation\NVIDIA NvDLISR;C:\WINDOWS\system32;C:\WINDOWS;C:\WINDOWS\System32\Wbem;C:\WINDOWS\System32\WindowsPowerShell\v1.0\;C:\WINDOWS\System32\OpenSSH\;C:\Program Files\Git\cmd;C:\Program Files\MongoDB\Server\5.0\bin;C:\apache-maven-3.8.4\bin;C:\spring-2.3.9.RELEASE\bin;C:\Program Files\nodejs\;C:\Program Files\MySQL\MySQL Shell 8.0\bin\;C:\Users\Tariq Naseem\AppData\Local\Microsoft\WindowsApps;C:\Users\Tariq Naseem\AppData\Local\Programs\Microsoft VS Code\bin;C:\Users\Tariq Naseem\AppData\Local\GitHubDesktop\bin;C:\Program Files\JetBrains\IntelliJ IDEA Community Edition 2021.3\bin;;C:\Users\Tariq Naseem\AppData\Roaming\npm;C:\Program Files\Java\jdk-17.0.1\bin;;C:\Users\Tariq Naseem\eclipse;;."/>
    <property name="java.vm.info" value="mixed mode, sharing"/>
    <property name="java.vendor" value="Oracle Corporation"/>
    <property name="java.vm.version" value="17.0.1+12-LTS-39"/>
    <property name="sun.io.unicode.encoding" value="UnicodeLittle"/>
    <property name="java.class.version" value="61.0"/>
  </properties>
</testsuite>